This file contains any messages produced by compilers while
running configure, to aid debugging if configure makes a mistake.

It was created by configure, which was
generated by GNU Autoconf 2.59.  Invocation command line was

  $ ./configure 

## --------- ##
## Platform. ##
## --------- ##

hostname = chemerik.ru
uname -m = i686
uname -r = 2.4.26-std-up-alt6
uname -s = Linux
uname -v = #1 Tue Aug 3 21:45:23 MSD 2004

/usr/bin/uname -p = unknown
/bin/uname -X     = unknown

/bin/arch              = i686
/usr/bin/arch -k       = unknown
/usr/convex/getsysinfo = unknown
hostinfo               = unknown
/bin/machine           = unknown
/usr/bin/oslevel       = unknown
/bin/universe          = unknown

PATH: /root/bin
PATH: /sbin
PATH: /usr/sbin
PATH: /usr/local/sbin
PATH: /bin
PATH: /usr/bin
PATH: /usr/local/bin
PATH: /usr/X11R6/bin


## ----------- ##
## Core tests. ##
## ----------- ##

configure:1346: checking for gcc
configure:1362: found /usr/bin/gcc
configure:1372: result: gcc
configure:1616: checking for C compiler version
configure:1619: gcc --version </dev/null >&5
i586-alt-linux-gcc (GCC) 3.2.3 (ALT Linux, build 3.2.3-alt3)
Copyright (C) 2002 Free Software Foundation, Inc.
This is free software; see the source for copying conditions.  There is NO
warranty; not even for MERCHANTABILITY or FITNESS FOR A PARTICULAR PURPOSE.

configure:1622: $? = 0
configure:1624: gcc -v </dev/null >&5
Reading specs from /usr/lib/gcc-lib/i586-alt-linux/3.2.3/specs
Configured with: ../configure --prefix=/usr --libdir=/usr/lib --with-slibdir=/lib --mandir=/usr/share/man --infodir=/usr/share/info --enable-shared --enable-threads=posix --disable-checking --enable-long-long --enable-__cxa_atexit --enable-languages=c,c++,f77,objc,java --program-suffix=-3.2 --enable-objc-gc --with-system-zlib --without-included-gettext --host=i586-alt-linux --build=i586-alt-linux --target=i586-alt-linux
Thread model: posix
gcc version 3.2.3 (ALT Linux, build 3.2.3-alt3)
configure:1627: $? = 0
configure:1629: gcc -V </dev/null >&5
i586-alt-linux-gcc: argument to `-V' is missing
configure:1632: $? = 1
configure:1655: checking for C compiler default output file name
configure:1658: gcc    conftest.c  >&5
configure:1661: $? = 0
configure:1707: result: a.out
configure:1712: checking whether the C compiler works
configure:1718: ./a.out
configure:1721: $? = 0
configure:1738: result: yes
configure:1745: checking whether we are cross compiling
configure:1747: result: no
configure:1750: checking for suffix of executables
configure:1752: gcc -o conftest    conftest.c  >&5
configure:1755: $? = 0
configure:1780: result: 
configure:1786: checking for suffix of object files
configure:1807: gcc -c   conftest.c >&5
configure:1810: $? = 0
configure:1832: result: o
configure:1836: checking whether we are using the GNU C compiler
configure:1860: gcc -c   conftest.c >&5
configure:1866: $? = 0
configure:1870: test -z 
			 || test ! -s conftest.err
configure:1873: $? = 0
configure:1876: test -s conftest.o
configure:1879: $? = 0
configure:1892: result: yes
configure:1898: checking whether gcc accepts -g
configure:1919: gcc -c -g  conftest.c >&5
configure:1925: $? = 0
configure:1929: test -z 
			 || test ! -s conftest.err
configure:1932: $? = 0
configure:1935: test -s conftest.o
configure:1938: $? = 0
configure:1949: result: yes
configure:1966: checking for gcc option to accept ANSI C
configure:2036: gcc  -c -g -O2  conftest.c >&5
configure:2042: $? = 0
configure:2046: test -z 
			 || test ! -s conftest.err
configure:2049: $? = 0
configure:2052: test -s conftest.o
configure:2055: $? = 0
configure:2073: result: none needed
configure:2091: gcc -c -g -O2  conftest.c >&5
conftest.c:2: syntax error before "me"
configure:2097: $? = 1
configure: failed program was:
| #ifndef __cplusplus
|   choke me
| #endif
configure:2230: checking whether ln -s works
configure:2234: result: yes
configure:2241: checking whether make sets $(MAKE)
configure:2261: result: yes
configure:2273: checking for main in -lm
configure:2297: gcc -o conftest -g -O2   conftest.c -lm   >&5
configure:2303: $? = 0
configure:2307: test -z 
			 || test ! -s conftest.err
configure:2310: $? = 0
configure:2313: test -s conftest
configure:2316: $? = 0
configure:2329: result: yes
configure:2348: checking for dirent.h that defines DIR
configure:2372: gcc -c -g -O2  conftest.c >&5
configure:2378: $? = 0
configure:2382: test -z 
			 || test ! -s conftest.err
configure:2385: $? = 0
configure:2388: test -s conftest.o
configure:2391: $? = 0
configure:2402: result: yes
configure:2415: checking for library containing opendir
configure:2445: gcc -o conftest -g -O2   conftest.c -lm  >&5
configure:2451: $? = 0
configure:2455: test -z 
			 || test ! -s conftest.err
configure:2458: $? = 0
configure:2461: test -s conftest
configure:2464: $? = 0
configure:2534: result: none required
configure:2675: checking how to run the C preprocessor
configure:2710: gcc -E  conftest.c
configure:2716: $? = 0
configure:2748: gcc -E  conftest.c
conftest.c:11:28: ac_nonexistent.h: No such file or directory
configure:2754: $? = 1
configure: failed program was:
| /* confdefs.h.  */
| 
| #define PACKAGE_NAME ""
| #define PACKAGE_TARNAME ""
| #define PACKAGE_VERSION ""
| #define PACKAGE_STRING ""
| #define PACKAGE_BUGREPORT ""
| #define HAVE_LIBM 1
| #define HAVE_DIRENT_H 1
| /* end confdefs.h.  */
| #include <ac_nonexistent.h>
configure:2793: result: gcc -E
configure:2817: gcc -E  conftest.c
configure:2823: $? = 0
configure:2855: gcc -E  conftest.c
conftest.c:11:28: ac_nonexistent.h: No such file or directory
configure:2861: $? = 1
configure: failed program was:
| /* confdefs.h.  */
| 
| #define PACKAGE_NAME ""
| #define PACKAGE_TARNAME ""
| #define PACKAGE_VERSION ""
| #define PACKAGE_STRING ""
| #define PACKAGE_BUGREPORT ""
| #define HAVE_LIBM 1
| #define HAVE_DIRENT_H 1
| /* end confdefs.h.  */
| #include <ac_nonexistent.h>
configure:2905: checking for egrep
configure:2915: result: grep -E
configure:2920: checking for ANSI C header files
configure:2945: gcc -c -g -O2  conftest.c >&5
configure:2951: $? = 0
configure:2955: test -z 
			 || test ! -s conftest.err
configure:2958: $? = 0
configure:2961: test -s conftest.o
configure:2964: $? = 0
configure:3051: gcc -o conftest -g -O2   conftest.c -lm  >&5
configure:3054: $? = 0
configure:3056: ./conftest
configure:3059: $? = 0
configure:3074: result: yes
configure:3084: checking for sys/wait.h that is POSIX.1 compatible
configure:3115: gcc -c -g -O2  conftest.c >&5
configure:3121: $? = 0
configure:3125: test -z 
			 || test ! -s conftest.err
configure:3128: $? = 0
configure:3131: test -s conftest.o
configure:3134: $? = 0
configure:3145: result: yes
configure:3169: checking for sys/types.h
configure:3185: gcc -c -g -O2  conftest.c >&5
configure:3191: $? = 0
configure:3195: test -z 
			 || test ! -s conftest.err
configure:3198: $? = 0
configure:3201: test -s conftest.o
configure:3204: $? = 0
configure:3215: result: yes
configure:3169: checking for sys/stat.h
configure:3185: gcc -c -g -O2  conftest.c >&5
configure:3191: $? = 0
configure:3195: test -z 
			 || test ! -s conftest.err
configure:3198: $? = 0
configure:3201: test -s conftest.o
configure:3204: $? = 0
configure:3215: result: yes
configure:3169: checking for stdlib.h
configure:3185: gcc -c -g -O2  conftest.c >&5
configure:3191: $? = 0
configure:3195: test -z 
			 || test ! -s conftest.err
configure:3198: $? = 0
configure:3201: test -s conftest.o
configure:3204: $? = 0
configure:3215: result: yes
configure:3169: checking for string.h
configure:3185: gcc -c -g -O2  conftest.c >&5
configure:3191: $? = 0
configure:3195: test -z 
			 || test ! -s conftest.err
configure:3198: $? = 0
configure:3201: test -s conftest.o
configure:3204: $? = 0
configure:3215: result: yes
configure:3169: checking for memory.h
configure:3185: gcc -c -g -O2  conftest.c >&5
configure:3191: $? = 0
configure:3195: test -z 
			 || test ! -s conftest.err
configure:3198: $? = 0
configure:3201: test -s conftest.o
configure:3204: $? = 0
configure:3215: result: yes
configure:3169: checking for strings.h
configure:3185: gcc -c -g -O2  conftest.c >&5
configure:3191: $? = 0
configure:3195: test -z 
			 || test ! -s conftest.err
configure:3198: $? = 0
configure:3201: test -s conftest.o
configure:3204: $? = 0
configure:3215: result: yes
configure:3169: checking for inttypes.h
configure:3185: gcc -c -g -O2  conftest.c >&5
configure:3191: $? = 0
configure:3195: test -z 
			 || test ! -s conftest.err
configure:3198: $? = 0
configure:3201: test -s conftest.o
configure:3204: $? = 0
configure:3215: result: yes
configure:3169: checking for stdint.h
configure:3185: gcc -c -g -O2  conftest.c >&5
configure:3191: $? = 0
configure:3195: test -z 
			 || test ! -s conftest.err
configure:3198: $? = 0
configure:3201: test -s conftest.o
configure:3204: $? = 0
configure:3215: result: yes
configure:3169: checking for unistd.h
configure:3185: gcc -c -g -O2  conftest.c >&5
configure:3191: $? = 0
configure:3195: test -z 
			 || test ! -s conftest.err
configure:3198: $? = 0
configure:3201: test -s conftest.o
configure:3204: $? = 0
configure:3215: result: yes
configure:3248: checking fcntl.h usability
configure:3260: gcc -c -g -O2  conftest.c >&5
configure:3266: $? = 0
configure:3270: test -z 
			 || test ! -s conftest.err
configure:3273: $? = 0
configure:3276: test -s conftest.o
configure:3279: $? = 0
configure:3289: result: yes
configure:3293: checking fcntl.h presence
configure:3303: gcc -E  conftest.c
configure:3309: $? = 0
configure:3329: result: yes
configure:3364: checking for fcntl.h
configure:3371: result: yes
configure:3248: checking netdb.h usability
configure:3260: gcc -c -g -O2  conftest.c >&5
configure:3266: $? = 0
configure:3270: test -z 
			 || test ! -s conftest.err
configure:3273: $? = 0
configure:3276: test -s conftest.o
configure:3279: $? = 0
configure:3289: result: yes
configure:3293: checking netdb.h presence
configure:3303: gcc -E  conftest.c
configure:3309: $? = 0
configure:3329: result: yes
configure:3364: checking for netdb.h
configure:3371: result: yes
configure:3239: checking for stdlib.h
configure:3244: result: yes
configure:3239: checking for string.h
configure:3244: result: yes
configure:3248: checking sys/time.h usability
configure:3260: gcc -c -g -O2  conftest.c >&5
configure:3266: $? = 0
configure:3270: test -z 
			 || test ! -s conftest.err
configure:3273: $? = 0
configure:3276: test -s conftest.o
configure:3279: $? = 0
configure:3289: result: yes
configure:3293: checking sys/time.h presence
configure:3303: gcc -E  conftest.c
configure:3309: $? = 0
configure:3329: result: yes
configure:3364: checking for sys/time.h
configure:3371: result: yes
configure:3248: checking pcre/pcre.h usability
configure:3260: gcc -c -g -O2  conftest.c >&5
configure:3266: $? = 0
configure:3270: test -z 
			 || test ! -s conftest.err
configure:3273: $? = 0
configure:3276: test -s conftest.o
configure:3279: $? = 0
configure:3289: result: yes
configure:3293: checking pcre/pcre.h presence
configure:3303: gcc -E  conftest.c
configure:3309: $? = 0
configure:3329: result: yes
configure:3364: checking for pcre/pcre.h
configure:3371: result: yes
configure:3248: checking syslog.h usability
configure:3260: gcc -c -g -O2  conftest.c >&5
configure:3266: $? = 0
configure:3270: test -z 
			 || test ! -s conftest.err
configure:3273: $? = 0
configure:3276: test -s conftest.o
configure:3279: $? = 0
configure:3289: result: yes
configure:3293: checking syslog.h presence
configure:3303: gcc -E  conftest.c
configure:3309: $? = 0
configure:3329: result: yes
configure:3364: checking for syslog.h
configure:3371: result: yes
configure:3239: checking for unistd.h
configure:3244: result: yes
configure:3385: checking for uid_t in sys/types.h
configure:3408: result: yes
configure:3428: checking for unistd.h
configure:3433: result: yes
configure:3573: checking for working chown
configure:3612: gcc -o conftest -g -O2   conftest.c -lm  >&5
configure:3615: $? = 0
configure:3617: ./conftest
configure:3620: $? = 0
configure:3636: result: yes
configure:3646: checking whether closedir returns void
configure:3675: gcc -o conftest -g -O2   conftest.c -lm  >&5
configure:3678: $? = 0
configure:3680: ./conftest
configure:3683: $? = 0
configure:3697: result: no
configure:3707: checking for pid_t
configure:3731: gcc -c -g -O2  conftest.c >&5
configure:3737: $? = 0
configure:3741: test -z 
			 || test ! -s conftest.err
configure:3744: $? = 0
configure:3747: test -s conftest.o
configure:3750: $? = 0
configure:3761: result: yes
configure:3779: checking for unistd.h
configure:3784: result: yes
configure:3788: checking vfork.h usability
configure:3800: gcc -c -g -O2  conftest.c >&5
conftest.c:67:19: vfork.h: No such file or directory
configure:3806: $? = 1
configure: failed program was:
| /* confdefs.h.  */
| 
| #define PACKAGE_NAME ""
| #define PACKAGE_TARNAME ""
| #define PACKAGE_VERSION ""
| #define PACKAGE_STRING ""
| #define PACKAGE_BUGREPORT ""
| #define HAVE_LIBM 1
| #define HAVE_DIRENT_H 1
| #define STDC_HEADERS 1
| #define HAVE_SYS_WAIT_H 1
| #define HAVE_SYS_TYPES_H 1
| #define HAVE_SYS_STAT_H 1
| #define HAVE_STDLIB_H 1
| #define HAVE_STRING_H 1
| #define HAVE_MEMORY_H 1
| #define HAVE_STRINGS_H 1
| #define HAVE_INTTYPES_H 1
| #define HAVE_STDINT_H 1
| #define HAVE_UNISTD_H 1
| #define HAVE_FCNTL_H 1
| #define HAVE_NETDB_H 1
| #define HAVE_STDLIB_H 1
| #define HAVE_STRING_H 1
| #define HAVE_SYS_TIME_H 1
| #define HAVE_PCRE_PCRE_H 1
| #define HAVE_SYSLOG_H 1
| #define HAVE_UNISTD_H 1
| #define HAVE_UNISTD_H 1
| #define HAVE_CHOWN 1
| #define HAVE_UNISTD_H 1
| /* end confdefs.h.  */
| #include <stdio.h>
| #if HAVE_SYS_TYPES_H
| # include <sys/types.h>
| #endif
| #if HAVE_SYS_STAT_H
| # include <sys/stat.h>
| #endif
| #if STDC_HEADERS
| # include <stdlib.h>
| # include <stddef.h>
| #else
| # if HAVE_STDLIB_H
| #  include <stdlib.h>
| # endif
| #endif
| #if HAVE_STRING_H
| # if !STDC_HEADERS && HAVE_MEMORY_H
| #  include <memory.h>
| # endif
| # include <string.h>
| #endif
| #if HAVE_STRINGS_H
| # include <strings.h>
| #endif
| #if HAVE_INTTYPES_H
| # include <inttypes.h>
| #else
| # if HAVE_STDINT_H
| #  include <stdint.h>
| # endif
| #endif
| #if HAVE_UNISTD_H
| # include <unistd.h>
| #endif
| #include <vfork.h>
configure:3829: result: no
configure:3833: checking vfork.h presence
configure:3843: gcc -E  conftest.c
conftest.c:33:19: vfork.h: No such file or directory
configure:3849: $? = 1
configure: failed program was:
| /* confdefs.h.  */
| 
| #define PACKAGE_NAME ""
| #define PACKAGE_TARNAME ""
| #define PACKAGE_VERSION ""
| #define PACKAGE_STRING ""
| #define PACKAGE_BUGREPORT ""
| #define HAVE_LIBM 1
| #define HAVE_DIRENT_H 1
| #define STDC_HEADERS 1
| #define HAVE_SYS_WAIT_H 1
| #define HAVE_SYS_TYPES_H 1
| #define HAVE_SYS_STAT_H 1
| #define HAVE_STDLIB_H 1
| #define HAVE_STRING_H 1
| #define HAVE_MEMORY_H 1
| #define HAVE_STRINGS_H 1
| #define HAVE_INTTYPES_H 1
| #define HAVE_STDINT_H 1
| #define HAVE_UNISTD_H 1
| #define HAVE_FCNTL_H 1
| #define HAVE_NETDB_H 1
| #define HAVE_STDLIB_H 1
| #define HAVE_STRING_H 1
| #define HAVE_SYS_TIME_H 1
| #define HAVE_PCRE_PCRE_H 1
| #define HAVE_SYSLOG_H 1
| #define HAVE_UNISTD_H 1
| #define HAVE_UNISTD_H 1
| #define HAVE_CHOWN 1
| #define HAVE_UNISTD_H 1
| /* end confdefs.h.  */
| #include <vfork.h>
configure:3869: result: no
configure:3904: checking for vfork.h
configure:3911: result: no
configure:3929: checking for fork
configure:3986: gcc -o conftest -g -O2   conftest.c -lm  >&5
configure:3992: $? = 0
configure:3996: test -z 
			 || test ! -s conftest.err
configure:3999: $? = 0
configure:4002: test -s conftest
configure:4005: $? = 0
configure:4072: result: yes
configure:3929: checking for vfork
configure:3986: gcc -o conftest -g -O2   conftest.c -lm  >&5
configure:3992: $? = 0
configure:3996: test -z 
			 || test ! -s conftest.err
configure:3999: $? = 0
configure:4002: test -s conftest
configure:4005: $? = 0
configure:4072: result: yes
configure:4083: checking for working fork
configure:4106: gcc -o conftest -g -O2   conftest.c -lm  >&5
configure:4109: $? = 0
configure:4111: ./conftest
configure:4114: $? = 0
configure:4128: result: yes
configure:4149: checking for working vfork
configure:4282: result: yes
configure:4313: checking whether lstat dereferences a symlink specified with a trailing slash
configure:4344: gcc -o conftest -g -O2   conftest.c -lm  >&5
configure:4347: $? = 0
configure:4349: ./conftest
configure:4352: $? = 0
configure:4373: result: yes
configure:4394: checking whether lstat accepts an empty string
configure:4419: gcc -o conftest -g -O2   conftest.c -lm  >&5
configure:4422: $? = 0
configure:4424: ./conftest
configure:4427: $? = 1
configure: program exited with status 1
configure: failed program was:
| /* confdefs.h.  */
| 
| #define PACKAGE_NAME ""
| #define PACKAGE_TARNAME ""
| #define PACKAGE_VERSION ""
| #define PACKAGE_STRING ""
| #define PACKAGE_BUGREPORT ""
| #define HAVE_LIBM 1
| #define HAVE_DIRENT_H 1
| #define STDC_HEADERS 1
| #define HAVE_SYS_WAIT_H 1
| #define HAVE_SYS_TYPES_H 1
| #define HAVE_SYS_STAT_H 1
| #define HAVE_STDLIB_H 1
| #define HAVE_STRING_H 1
| #define HAVE_MEMORY_H 1
| #define HAVE_STRINGS_H 1
| #define HAVE_INTTYPES_H 1
| #define HAVE_STDINT_H 1
| #define HAVE_UNISTD_H 1
| #define HAVE_FCNTL_H 1
| #define HAVE_NETDB_H 1
| #define HAVE_STDLIB_H 1
| #define HAVE_STRING_H 1
| #define HAVE_SYS_TIME_H 1
| #define HAVE_PCRE_PCRE_H 1
| #define HAVE_SYSLOG_H 1
| #define HAVE_UNISTD_H 1
| #define HAVE_UNISTD_H 1
| #define HAVE_CHOWN 1
| #define HAVE_UNISTD_H 1
| #define HAVE_FORK 1
| #define HAVE_VFORK 1
| #define HAVE_WORKING_VFORK 1
| #define HAVE_WORKING_FORK 1
| #define LSTAT_FOLLOWS_SLASHED_SYMLINK 1
| /* end confdefs.h.  */
| #include <stdio.h>
| #if HAVE_SYS_TYPES_H
| # include <sys/types.h>
| #endif
| #if HAVE_SYS_STAT_H
| # include <sys/stat.h>
| #endif
| #if STDC_HEADERS
| # include <stdlib.h>
| # include <stddef.h>
| #else
| # if HAVE_STDLIB_H
| #  include <stdlib.h>
| # endif
| #endif
| #if HAVE_STRING_H
| # if !STDC_HEADERS && HAVE_MEMORY_H
| #  include <memory.h>
| # endif
| # include <string.h>
| #endif
| #if HAVE_STRINGS_H
| # include <strings.h>
| #endif
| #if HAVE_INTTYPES_H
| # include <inttypes.h>
| #else
| # if HAVE_STDINT_H
| #  include <stdint.h>
| # endif
| #endif
| #if HAVE_UNISTD_H
| # include <unistd.h>
| #endif
| int
| main ()
| {
| struct stat sbuf;
|   exit (lstat ("", &sbuf) ? 1 : 0);
|   ;
|   return 0;
| }
configure:4441: result: no
configure:4459: checking whether lstat dereferences a symlink specified with a trailing slash
configure:4519: result: yes
configure:4545: checking for stdlib.h
configure:4550: result: yes
configure:4690: checking for GNU libc compatible malloc
configure:4719: gcc -o conftest -g -O2   conftest.c -lm  >&5
configure:4722: $? = 0
configure:4724: ./conftest
configure:4727: $? = 0
configure:4741: result: yes
configure:4776: checking for stdlib.h
configure:4781: result: yes
configure:4921: checking for GNU libc compatible realloc
configure:4950: gcc -o conftest -g -O2   conftest.c -lm  >&5
configure:4953: $? = 0
configure:4955: ./conftest
configure:4958: $? = 0
configure:4972: result: yes
configure:5002: checking whether stat accepts an empty string
configure:5027: gcc -o conftest -g -O2   conftest.c -lm  >&5
configure:5030: $? = 0
configure:5032: ./conftest
configure:5035: $? = 1
configure: program exited with status 1
configure: failed program was:
| /* confdefs.h.  */
| 
| #define PACKAGE_NAME ""
| #define PACKAGE_TARNAME ""
| #define PACKAGE_VERSION ""
| #define PACKAGE_STRING ""
| #define PACKAGE_BUGREPORT ""
| #define HAVE_LIBM 1
| #define HAVE_DIRENT_H 1
| #define STDC_HEADERS 1
| #define HAVE_SYS_WAIT_H 1
| #define HAVE_SYS_TYPES_H 1
| #define HAVE_SYS_STAT_H 1
| #define HAVE_STDLIB_H 1
| #define HAVE_STRING_H 1
| #define HAVE_MEMORY_H 1
| #define HAVE_STRINGS_H 1
| #define HAVE_INTTYPES_H 1
| #define HAVE_STDINT_H 1
| #define HAVE_UNISTD_H 1
| #define HAVE_FCNTL_H 1
| #define HAVE_NETDB_H 1
| #define HAVE_STDLIB_H 1
| #define HAVE_STRING_H 1
| #define HAVE_SYS_TIME_H 1
| #define HAVE_PCRE_PCRE_H 1
| #define HAVE_SYSLOG_H 1
| #define HAVE_UNISTD_H 1
| #define HAVE_UNISTD_H 1
| #define HAVE_CHOWN 1
| #define HAVE_UNISTD_H 1
| #define HAVE_FORK 1
| #define HAVE_VFORK 1
| #define HAVE_WORKING_VFORK 1
| #define HAVE_WORKING_FORK 1
| #define LSTAT_FOLLOWS_SLASHED_SYMLINK 1
| #define LSTAT_FOLLOWS_SLASHED_SYMLINK 1
| #define HAVE_STDLIB_H 1
| #define HAVE_MALLOC 1
| #define HAVE_STDLIB_H 1
| #define HAVE_REALLOC 1
| /* end confdefs.h.  */
| #include <stdio.h>
| #if HAVE_SYS_TYPES_H
| # include <sys/types.h>
| #endif
| #if HAVE_SYS_STAT_H
| # include <sys/stat.h>
| #endif
| #if STDC_HEADERS
| # include <stdlib.h>
| # include <stddef.h>
| #else
| # if HAVE_STDLIB_H
| #  include <stdlib.h>
| # endif
| #endif
| #if HAVE_STRING_H
| # if !STDC_HEADERS && HAVE_MEMORY_H
| #  include <memory.h>
| # endif
| # include <string.h>
| #endif
| #if HAVE_STRINGS_H
| # include <strings.h>
| #endif
| #if HAVE_INTTYPES_H
| # include <inttypes.h>
| #else
| # if HAVE_STDINT_H
| #  include <stdint.h>
| # endif
| #endif
| #if HAVE_UNISTD_H
| # include <unistd.h>
| #endif
| int
| main ()
| {
| struct stat sbuf;
|   exit (stat ("", &sbuf) ? 1 : 0);
|   ;
|   return 0;
| }
configure:5049: result: no
configure:5078: checking for memmove
configure:5135: gcc -o conftest -g -O2   conftest.c -lm  >&5
configure:5141: $? = 0
configure:5145: test -z 
			 || test ! -s conftest.err
configure:5148: $? = 0
configure:5151: test -s conftest
configure:5154: $? = 0
configure:5221: result: yes
configure:5078: checking for memset
configure:5135: gcc -o conftest -g -O2   conftest.c -lm  >&5
conftest.c:68: warning: conflicting types for built-in function `memset'
configure:5141: $? = 0
configure:5145: test -z 
			 || test ! -s conftest.err
configure:5148: $? = 0
configure:5151: test -s conftest
configure:5154: $? = 0
configure:5221: result: yes
configure:5078: checking for pow
configure:5135: gcc -o conftest -g -O2   conftest.c -lm  >&5
configure:5141: $? = 0
configure:5145: test -z 
			 || test ! -s conftest.err
configure:5148: $? = 0
configure:5151: test -s conftest
configure:5154: $? = 0
configure:5221: result: yes
configure:5078: checking for strcasecmp
configure:5135: gcc -o conftest -g -O2   conftest.c -lm  >&5
configure:5141: $? = 0
configure:5145: test -z 
			 || test ! -s conftest.err
configure:5148: $? = 0
configure:5151: test -s conftest
configure:5154: $? = 0
configure:5221: result: yes
configure:5078: checking for strchr
configure:5135: gcc -o conftest -g -O2   conftest.c -lm  >&5
conftest.c:71: warning: conflicting types for built-in function `strchr'
configure:5141: $? = 0
configure:5145: test -z 
			 || test ! -s conftest.err
configure:5148: $? = 0
configure:5151: test -s conftest
configure:5154: $? = 0
configure:5221: result: yes
configure:5078: checking for strdup
configure:5135: gcc -o conftest -g -O2   conftest.c -lm  >&5
configure:5141: $? = 0
configure:5145: test -z 
			 || test ! -s conftest.err
configure:5148: $? = 0
configure:5151: test -s conftest
configure:5154: $? = 0
configure:5221: result: yes
configure:5078: checking for strstr
configure:5135: gcc -o conftest -g -O2   conftest.c -lm  >&5
conftest.c:73: warning: conflicting types for built-in function `strstr'
configure:5141: $? = 0
configure:5145: test -z 
			 || test ! -s conftest.err
configure:5148: $? = 0
configure:5151: test -s conftest
configure:5154: $? = 0
configure:5221: result: yes
configure:5235: checking for an ANSI C-conforming const
configure:5306: gcc -c -g -O2  conftest.c >&5
configure:5312: $? = 0
configure:5316: test -z 
			 || test ! -s conftest.err
configure:5319: $? = 0
configure:5322: test -s conftest.o
configure:5325: $? = 0
configure:5336: result: yes
configure:5346: checking for pid_t
configure:5400: result: yes
configure:5412: checking whether struct tm is in sys/time.h or time.h
configure:5435: gcc -c -g -O2  conftest.c >&5
configure:5441: $? = 0
configure:5445: test -z 
			 || test ! -s conftest.err
configure:5448: $? = 0
configure:5451: test -s conftest.o
configure:5454: $? = 0
configure:5465: result: time.h
configure:5494: checking for the SAMS startup scripts locations
configure:5513: result: using the SAMS startup scripts locations from /etc/init.d
configure:5529: checking for WEB server locations
configure:5548: result: using WEB server locations from /var/www/html
configure:5565: checking for MYSQL headers
configure:5585: result: using mysql includes from /usr/include/mysql
configure:5600: checking for <mysql.h> in /usr/include/mysql
configure:5603: result: using <mysql.h> from /usr/include/mysql
configure:5615: checking for MYSQL library
configure:5635: result: using mysql libraryes from /usr/lib
configure:5649: checking for libmysqlclient in /usr/lib
configure:5652: result: using libmysqlclient from /usr/lib
configure:5663: checking for PCRE headers
configure:5683: result: using pcre includes from /usr/include/pcre
configure:5698: checking for <pcre.h> in /usr/include/pcre
configure:5701: result: using <pcre.h> from /usr/include/pcre
configure:5713: checking for PCRE library
configure:5733: result: using pcre libraryes from /usr/lib
configure:5747: checking for libpcre in /usr/lib
configure:5750: result: using libpcre from /usr/lib
configure:5908: creating ./config.status

## ---------------------- ##
## Running config.status. ##
## ---------------------- ##

This file was extended by config.status, which was
generated by GNU Autoconf 2.59.  Invocation command line was

  CONFIG_FILES    = 
  CONFIG_HEADERS  = 
  CONFIG_LINKS    = 
  CONFIG_COMMANDS = 
  $ ./config.status 

on chemerik.ru

config.status:643: creating Makefile
configure:6703: result: 
configure:6705: result: ***** Options and locations *****
configure:6707: result: system:                                 Linux
configure:6709: result: default path:                           /usr/local
configure:6711: result: default runtime config file:            /etc/sams.conf
configure:6713: result: location the SAMS startup script:       /etc/init.d
configure:6715: result: location HTTP server root directory:    /var/www/html
configure:6717: result: location mysql includes:                /usr/include/mysql
configure:6719: result: location mysql libraries:               /usr/lib
configure:6721: result: location pcre includes:                 /usr/include/pcre/pcre.h
configure:6723: result: location pcre libraries:                /usr/lib
configure:6725: result: 
configure:6727: result: Type 'make'
configure:6729: result: 

## ---------------- ##
## Cache variables. ##
## ---------------- ##

ac_cv_c_compiler_gnu=yes
ac_cv_c_const=yes
ac_cv_env_CC_set=
ac_cv_env_CC_value=
ac_cv_env_CFLAGS_set=
ac_cv_env_CFLAGS_value=
ac_cv_env_CPPFLAGS_set=
ac_cv_env_CPPFLAGS_value=
ac_cv_env_CPP_set=
ac_cv_env_CPP_value=
ac_cv_env_LDFLAGS_set=
ac_cv_env_LDFLAGS_value=
ac_cv_env_build_alias_set=
ac_cv_env_build_alias_value=
ac_cv_env_host_alias_set=
ac_cv_env_host_alias_value=
ac_cv_env_target_alias_set=
ac_cv_env_target_alias_value=
ac_cv_exeext=
ac_cv_func_chown_works=yes
ac_cv_func_closedir_void=no
ac_cv_func_fork=yes
ac_cv_func_fork_works=yes
ac_cv_func_lstat_dereferences_slashed_symlink=yes
ac_cv_func_lstat_empty_string_bug=no
ac_cv_func_malloc_0_nonnull=yes
ac_cv_func_memmove=yes
ac_cv_func_memset=yes
ac_cv_func_pow=yes
ac_cv_func_realloc_0_nonnull=yes
ac_cv_func_stat_empty_string_bug=no
ac_cv_func_strcasecmp=yes
ac_cv_func_strchr=yes
ac_cv_func_strdup=yes
ac_cv_func_strstr=yes
ac_cv_func_vfork=yes
ac_cv_func_vfork_works=yes
ac_cv_header_dirent_dirent_h=yes
ac_cv_header_fcntl_h=yes
ac_cv_header_inttypes_h=yes
ac_cv_header_memory_h=yes
ac_cv_header_netdb_h=yes
ac_cv_header_pcre_pcre_h=yes
ac_cv_header_stdc=yes
ac_cv_header_stdint_h=yes
ac_cv_header_stdlib_h=yes
ac_cv_header_string_h=yes
ac_cv_header_strings_h=yes
ac_cv_header_sys_stat_h=yes
ac_cv_header_sys_time_h=yes
ac_cv_header_sys_types_h=yes
ac_cv_header_sys_wait_h=yes
ac_cv_header_syslog_h=yes
ac_cv_header_unistd_h=yes
ac_cv_header_vfork_h=no
ac_cv_lib_m_main=yes
ac_cv_objext=o
ac_cv_prog_CPP='gcc -E'
ac_cv_prog_ac_ct_CC=gcc
ac_cv_prog_cc_g=yes
ac_cv_prog_cc_stdc=
ac_cv_prog_egrep='grep -E'
ac_cv_prog_make_make_set=yes
ac_cv_search_opendir='none required'
ac_cv_struct_tm=time.h
ac_cv_type_pid_t=yes
ac_cv_type_uid_t=yes

## ----------------- ##
## Output variables. ##
## ----------------- ##

CC='gcc'
CFLAGS='-O2 -Wall -D_BSD_SOURCE=1 -D_GNU_SOURCE=1'
CONFIG_FILE='/etc/sams.conf'
CPP='gcc -E'
CPPFLAGS=''
DEFS='-DPACKAGE_NAME=\"\" -DPACKAGE_TARNAME=\"\" -DPACKAGE_VERSION=\"\" -DPACKAGE_STRING=\"\" -DPACKAGE_BUGREPORT=\"\" -DHAVE_LIBM=1 -DHAVE_DIRENT_H=1 -DSTDC_HEADERS=1 -DHAVE_SYS_WAIT_H=1 -DHAVE_SYS_TYPES_H=1 -DHAVE_SYS_STAT_H=1 -DHAVE_STDLIB_H=1 -DHAVE_STRING_H=1 -DHAVE_MEMORY_H=1 -DHAVE_STRINGS_H=1 -DHAVE_INTTYPES_H=1 -DHAVE_STDINT_H=1 -DHAVE_UNISTD_H=1 -DHAVE_FCNTL_H=1 -DHAVE_NETDB_H=1 -DHAVE_STDLIB_H=1 -DHAVE_STRING_H=1 -DHAVE_SYS_TIME_H=1 -DHAVE_PCRE_PCRE_H=1 -DHAVE_SYSLOG_H=1 -DHAVE_UNISTD_H=1 -DHAVE_UNISTD_H=1 -DHAVE_CHOWN=1 -DHAVE_UNISTD_H=1 -DHAVE_FORK=1 -DHAVE_VFORK=1 -DHAVE_WORKING_VFORK=1 -DHAVE_WORKING_FORK=1 -DLSTAT_FOLLOWS_SLASHED_SYMLINK=1 -DLSTAT_FOLLOWS_SLASHED_SYMLINK=1 -DHAVE_STDLIB_H=1 -DHAVE_MALLOC=1 -DHAVE_STDLIB_H=1 -DHAVE_REALLOC=1 -DHAVE_MEMMOVE=1 -DHAVE_MEMSET=1 -DHAVE_POW=1 -DHAVE_STRCASECMP=1 -DHAVE_STRCHR=1 -DHAVE_STRDUP=1 -DHAVE_STRSTR=1 -DCONFIG_FILE=\"/etc/sams.conf\" '
ECHO_C=''
ECHO_N='-n'
ECHO_T=''
EGREP='grep -E'
EXEEXT=''
HTTPDPATH='/var/www/html'
LDFLAGS=''
LIBOBJS=''
LIBS='-lm '
LN_S='ln -s'
LTLIBOBJS=''
MYSQLHEADERS='-I/usr/include/mysql'
MYSQLLIBS='-L/usr/lib -lmysqlclient'
OBJEXT='o'
PACKAGE_BUGREPORT=''
PACKAGE_NAME=''
PACKAGE_STRING=''
PACKAGE_TARNAME=''
PACKAGE_VERSION=''
PATH_SEPARATOR=':'
PCREHEADERS='-I/usr/include/pcre'
PCRELIBS='-L/usr/lib -lpcre'
RCDPATH='/etc/init.d'
SET_MAKE=''
SHELL='/bin/sh'
SUNLIB=' '
ac_ct_CC='gcc'
bindir='${exec_prefix}/bin'
build_alias=''
datadir='${prefix}/share'
exec_prefix='${prefix}'
host_alias=''
includedir='${prefix}/include'
infodir='${prefix}/info'
libdir='${exec_prefix}/lib'
libexecdir='${exec_prefix}/libexec'
localstatedir='${prefix}/var'
mandir='${prefix}/man'
oldincludedir='/usr/include'
prefix='/usr/local'
program_transform_name='s,x,x,'
sbindir='${exec_prefix}/sbin'
sharedstatedir='${prefix}/com'
sysconfdir='/etc/sams.conf'
target_alias=''

## ----------- ##
## confdefs.h. ##
## ----------- ##

#define CONFIG_FILE "/etc/sams.conf"
#define HAVE_CHOWN 1
#define HAVE_DIRENT_H 1
#define HAVE_FCNTL_H 1
#define HAVE_FORK 1
#define HAVE_INTTYPES_H 1
#define HAVE_LIBM 1
#define HAVE_MALLOC 1
#define HAVE_MEMMOVE 1
#define HAVE_MEMORY_H 1
#define HAVE_MEMSET 1
#define HAVE_NETDB_H 1
#define HAVE_PCRE_PCRE_H 1
#define HAVE_POW 1
#define HAVE_REALLOC 1
#define HAVE_STDINT_H 1
#define HAVE_STDLIB_H 1
#define HAVE_STDLIB_H 1
#define HAVE_STDLIB_H 1
#define HAVE_STDLIB_H 1
#define HAVE_STRCASECMP 1
#define HAVE_STRCHR 1
#define HAVE_STRDUP 1
#define HAVE_STRINGS_H 1
#define HAVE_STRING_H 1
#define HAVE_STRING_H 1
#define HAVE_STRSTR 1
#define HAVE_SYSLOG_H 1
#define HAVE_SYS_STAT_H 1
#define HAVE_SYS_TIME_H 1
#define HAVE_SYS_TYPES_H 1
#define HAVE_SYS_WAIT_H 1
#define HAVE_UNISTD_H 1
#define HAVE_UNISTD_H 1
#define HAVE_UNISTD_H 1
#define HAVE_UNISTD_H 1
#define HAVE_VFORK 1
#define HAVE_WORKING_FORK 1
#define HAVE_WORKING_VFORK 1
#define LSTAT_FOLLOWS_SLASHED_SYMLINK 1
#define LSTAT_FOLLOWS_SLASHED_SYMLINK 1
#define PACKAGE_BUGREPORT ""
#define PACKAGE_NAME ""
#define PACKAGE_STRING ""
#define PACKAGE_TARNAME ""
#define PACKAGE_VERSION ""
#define STDC_HEADERS 1

configure: exit 0
